2023-10-20 00:04:21,202 [INFO] com.example.invex.InvexApplication [main] Starting InvexApplication using Java 11.0.20.1 on DESKTOP-3231AO8 with PID 20708 (C:\Users\desmu\OneDrive\Documents\CURSOS\JAVA\Examen\invex\target\classes started by desmu in C:\Users\desmu\OneDrive\Documents\CURSOS\JAVA\Examen\invex)
2023-10-20 00:04:21,202 [DEBUG] com.example.invex.InvexApplication [main] Running with Spring Boot v2.7.0, Spring v5.3.20
2023-10-20 00:04:21,202 [INFO] com.example.invex.InvexApplication [main] No active profile set, falling back to 1 default profile: "default"
2023-10-20 00:04:21,673 [INFO] org.springframework.data.repository.config.RepositoryConfigurationDelegate [main] Bootstrapping Spring Data JPA repositories in DEFAULT mode.
2023-10-20 00:04:21,733 [INFO] org.springframework.data.repository.config.RepositoryConfigurationDelegate [main] Finished Spring Data repository scanning in 38 ms. Found 1 JPA repository interfaces.
2023-10-20 00:04:22,338 [INFO] org.springframework.boot.web.embedded.tomcat.TomcatWebServer [main] Tomcat initialized with port(s): 8080 (http)
2023-10-20 00:04:22,347 [INFO] org.apache.catalina.core.StandardService [main] Starting service [Tomcat]
2023-10-20 00:04:22,347 [INFO] org.apache.catalina.core.StandardEngine [main] Starting Servlet engine: [Apache Tomcat/9.0.63]
2023-10-20 00:04:22,439 [INFO] org.apache.catalina.core.ContainerBase.[Tomcat].[localhost].[/] [main] Initializing Spring embedded WebApplicationContext
2023-10-20 00:04:22,439 [INFO] org.springframework.boot.web.servlet.context.ServletWebServerApplicationContext [main] Root WebApplicationContext: initialization completed in 1190 ms
2023-10-20 00:04:22,568 [INFO] org.hibernate.jpa.internal.util.LogHelper [main] HHH000204: Processing PersistenceUnitInfo [name: default]
2023-10-20 00:04:22,603 [INFO] org.hibernate.Version [main] HHH000412: Hibernate ORM core version 5.6.9.Final
2023-10-20 00:04:22,719 [INFO] org.hibernate.annotations.common.Version [main] HCANN000001: Hibernate Commons Annotations {5.1.2.Final}
2023-10-20 00:04:22,798 [INFO] com.zaxxer.hikari.HikariDataSource [main] HikariPool-1 - Starting...
2023-10-20 00:04:23,068 [INFO] com.zaxxer.hikari.HikariDataSource [main] HikariPool-1 - Start completed.
2023-10-20 00:04:23,084 [INFO] org.hibernate.dialect.Dialect [main] HHH000400: Using dialect: org.hibernate.dialect.MySQL8Dialect
2023-10-20 00:04:23,543 [INFO] org.hibernate.engine.transaction.jta.platform.internal.JtaPlatformInitiator [main] HHH000490: Using JtaPlatform implementation: [org.hibernate.engine.transaction.jta.platform.internal.NoJtaPlatform]
2023-10-20 00:04:23,559 [INFO] org.springframework.orm.jpa.LocalContainerEntityManagerFactoryBean [main] Initialized JPA EntityManagerFactory for persistence unit 'default'
2023-10-20 00:04:23,810 [WARN] org.springframework.boot.autoconfigure.orm.jpa.JpaBaseConfiguration$JpaWebConfiguration [main] spring.jpa.open-in-view is enabled by default. Therefore, database queries may be performed during view rendering. Explicitly configure spring.jpa.open-in-view to disable this warning
2023-10-20 00:04:24,061 [INFO] org.springframework.boot.web.embedded.tomcat.TomcatWebServer [main] Tomcat started on port(s): 8080 (http) with context path ''
2023-10-20 00:04:24,076 [INFO] com.example.invex.InvexApplication [main] Started InvexApplication in 3.245 seconds (JVM running for 3.6)
2023-10-20 00:04:36,841 [INFO] org.apache.catalina.core.ContainerBase.[Tomcat].[localhost].[/] [http-nio-8080-exec-2] Initializing Spring DispatcherServlet 'dispatcherServlet'
2023-10-20 00:04:36,841 [INFO] org.springframework.web.servlet.DispatcherServlet [http-nio-8080-exec-2] Initializing Servlet 'dispatcherServlet'
2023-10-20 00:04:36,841 [INFO] org.springframework.web.servlet.DispatcherServlet [http-nio-8080-exec-2] Completed initialization in 0 ms
2023-10-20 00:04:36,857 [TRACE] com.example.invex.controllers.EmpleadoController [http-nio-8080-exec-2] Buscando usuario: 1
2023-10-20 00:04:37,794 [TRACE] com.example.invex.controllers.EmpleadoController [http-nio-8080-exec-4] Buscando usuario: 1
2023-10-20 00:04:38,711 [TRACE] com.example.invex.controllers.EmpleadoController [http-nio-8080-exec-6] Buscando usuario: 1
2023-10-20 00:17:58,550 [INFO] org.springframework.orm.jpa.LocalContainerEntityManagerFactoryBean [SpringApplicationShutdownHook] Closing JPA EntityManagerFactory for persistence unit 'default'
2023-10-20 00:17:58,562 [INFO] com.zaxxer.hikari.HikariDataSource [SpringApplicationShutdownHook] HikariPool-1 - Shutdown initiated...
2023-10-20 00:17:58,586 [INFO] com.zaxxer.hikari.HikariDataSource [SpringApplicationShutdownHook] HikariPool-1 - Shutdown completed.
